1c1
< [Will be attacked]Message?: b'\xf9RB\x87v\x00\x19\x0c\xe6\xc5\xe9h-"\xaa9\x01\xcf\x15\xd0\xb6\xd3\xcbWt\xb6;\'\xd7\xd7O\xc4\x1c\x12\xef"u\x9ckT\x8e\x16\x8dk\xdd\xd1\xbd\x8c\x14Z\x9aS\xb6\x08_\x99y\xd6,\xc0\x9c\xd9D\x8d?$\xaf\x0b\xdfH\x90k\x9fQ4Y\x8a\x8f4\x1f'
---
> [Will be attacked]Message?: b'\xf9RB\x87v\x00\x19\x0c\xe6\xc5\xe9h-"\xaa94\'\x89\x8d&\xcb\xcf+]\x91\x1a\xfd[\xb7\x91\x1a\xb3\xeb\xee\xd0\xd4`\r\xc1\x83\xe1+P\x85\xea\xb58pxtH\xbbWI4\xfdH\xc3\xc8\xeb\xabw\xc1\xf0\x12`1#\x8c\xfa\xa9a\xa3\xbd\xec\xd7\x97\xc2\xe3'
3c3
< Decrypted message 16 before xor: b'4-V\x1ewp\xab\xa7\xf23\x02f<Y\xce\xef'
---
> Decrypted message 16 before xor: b'4-T\x1ewp\xab\xa7\xf23\x02f<Y\xce\xef'
5,6c5,6
< Block 1: b"\x01\xcf\x15\xd0\xb6\xd3\xcbWt\xb6;'\xd7\xd7O\xc4"
< Decrypted message 16 before xor: b'snF\x1f{f\xea\xf5\xc2f\x12c]O\xbf\x88'
---
> Block 1: b"4'\x89\x8d&\xcb\xcf+]\x91\x1a\xfd[\xb7\x91\x1a"
> Decrypted message 16 before xor: b'snD\x1f{f\xea\xf5\xc2f\x12c]O\xbf\x88'
8,9c8,9
< Block 2: b'\x1c\x12\xef"u\x9ckT\x8e\x16\x8dk\xdd\xd1\xbd\x8c'
< Decrypted message 16 before xor: b' :^\x05p1\xbd\xd0\xc2uB5<Y\xce\xef'
---
> Block 2: b'\xb3\xeb\xee\xd0\xd4`\r\xc1\x83\xe1+P\x85\xea\xb58'
> Decrypted message 16 before xor: b' :\\\x05p1\xbd\xd0\xc2uB5<Y\xce\xef'
11,12c11,12
< Block 3: b'\x14Z\x9aS\xb6\x08_\x99y\xd6,\xc0\x9c\xd9D\x8d'
< Decrypted message 16 before xor: b'r\x1c@\tmg\xe7\xfb\xd8*^4<Y\xc8\xf9'
---
> Block 3: b'pxtH\xbbWI4\xfdH\xc3\xc8\xeb\xabw\xc1'
> Decrypted message 16 before xor: b'r\x1cB\tmg\xe7\xfb\xd8*^4<Y\xc8\xf9'
14,15c14,15
< Block 4: b'?$\xaf\x0b\xdfH\x90k\x9fQ4Y\x8a\x8f4\x1f'
< Decrypted message 16 before xor: b'pm\x00[\x1e\x14\x8e\x94\xb6\x077P\x19j\x8c\xca'
---
> Block 4: b'\xf0\x12`1#\x8c\xfa\xa9a\xa3\xbd\xec\xd7\x97\xc2\xe3'
> Decrypted message 16 before xor: b'pm\x02[\x1e\x14\x8e\x94\xb6\x077P\x19j\x8c\xca'
