remember to add submitAndVerify back in!
[Will be attacked]Message?: 
b"\xb3\xf5zfR\x1c\xd7'\xbe\xbfR\xd1x%\xc9i\xeeJ\x95\xf2\x90\xd8\x81\x8f|\x83L\xbf}\x1f\x04|\x1f\xfa\xd4\xc2\xb5\xdas\xe4\xb9l{\x16\xae\x1d\xbe\xa6F\x88j\x0b=_\x08\xea\xaf5\x1d&\xc9Ji^5b\x8d\xe1_G@\x16\xf1\xab\x7fgN1\xf9)"
b"\xb3\xf5zfR\x1c\xd7'\xbe\xbfR\xd1x%\xc9i"
T1 is [32]: b'b3f57a66521cd727bebf52d17825c969'
T2 is [16]: b"\xb3\xf5zfR\x1c\xd7'\xbe\xbfR\xd1x%\xc9i"
Block 0
Decrypted message 16 after xor: b'userid%3D456%3Bu'
b'\xeeJ\x95\xf2\x90\xd8\x81\x8f|\x83L\xbf}\x1f\x04|'
T1 is [32]: b'ee4a95f290d8818f7c834cbf7d1f047c'
T2 is [16]: b'\xeeJ\x95\xf2\x90\xd8\x81\x8f|\x83L\xbf}\x1f\x04|'
Block 1
Decrypted message 16 after xor: b'serdata%3D%3Badm'
b'\x1f\xfa\xd4\xc2\xb5\xdas\xe4\xb9l{\x16\xae\x1d\xbe\xa6'
T1 is [32]: b'1ffad4c2b5da73e4b96c7b16ae1dbea6'
T2 is [16]: b'\x1f\xfa\xd4\xc2\xb5\xdas\xe4\xb9l{\x16\xae\x1d\xbe\xa6'
Block 2
Decrypted message 16 after xor: b'in%3Dtrue%3B%3Bs'
b'F\x88j\x0b=_\x08\xea\xaf5\x1d&\xc9Ji^'
T1 is [32]: b'46886a0b3d5f08eaaf351d26c94a695e'
T2 is [16]: b'F\x88j\x0b=_\x08\xea\xaf5\x1d&\xc9Ji^'
Block 3
Decrypted message 16 after xor: b'ession-id%3D3133'
b'5b\x8d\xe1_G@\x16\xf1\xab\x7fgN1\xf9)'
T1 is [32]: b'35628de15f474016f1ab7f674e31f929'
T2 is [16]: b'5b\x8d\xe1_G@\x16\xf1\xab\x7fgN1\xf9)'
Block 4
Decrypted message 16 after xor: b'7\x00\x00\x00\x00\x00\x00\x00\x00\x00\x00\x00\x00\x00\x00\x00'
plaintext: b'userid%3D456%3Buserdata%3D%3Badmin%3Dtrue%3B%3Bsession-id%3D31337\x00\x00\x00\x00\x00\x00\x00\x00\x00\x00\x00\x00\x00\x00\x00'
changedText: b''
Result: False
